<?xml version="1.0" encoding="UTF-8"?>
<coverage generated="1780055682052" clover="3.2.0">
  <project timestamp="1780055682052" name="All files">
    <metrics statements="36" coveredstatements="36" conditionals="20" coveredconditionals="18" methods="25" coveredmethods="25" elements="81" coveredelements="79" complexity="0" loc="36" ncloc="36" packages="1" files="4" classes="4"/>
    <file name="Counter.tsx" path="/tmp/workspace/haarcuba/monim/src/Counter.tsx">
      <metrics statements="9" coveredstatements="9" conditionals="10" coveredconditionals="10" methods="8" coveredmethods="8"/>
      <line num="33" count="18" type="stmt"/>
      <line num="34" count="5" type="stmt"/>
      <line num="38" count="18" type="stmt"/>
      <line num="42" count="6" type="stmt"/>
      <line num="57" count="14" type="stmt"/>
      <line num="59" count="1" type="stmt"/>
      <line num="65" count="14" type="stmt"/>
      <line num="67" count="1" type="stmt"/>
      <line num="68" count="2" type="stmt"/>
    </file>
    <file name="EditableName.tsx" path="/tmp/workspace/haarcuba/monim/src/EditableName.tsx">
      <metrics statements="9" coveredstatements="9" conditionals="6" coveredconditionals="5" methods="5" coveredmethods="5"/>
      <line num="9" count="33" type="stmt"/>
      <line num="10" count="33" type="stmt"/>
      <line num="11" count="33" type="stmt"/>
      <line num="14" count="6" type="stmt"/>
      <line num="15" count="6" type="stmt"/>
      <line num="18" count="33" type="stmt"/>
      <line num="20" count="3" type="cond" truecount="2" falsecount="0"/>
      <line num="25" count="6" type="stmt"/>
      <line num="28" count="3" type="cond" truecount="1" falsecount="1"/>
    </file>
    <file name="SetButton.tsx" path="/tmp/workspace/haarcuba/monim/src/SetButton.tsx">
      <metrics statements="9" coveredstatements="9" conditionals="4" coveredconditionals="3" methods="5" coveredmethods="5"/>
      <line num="10" count="18" type="stmt"/>
      <line num="11" count="18" type="stmt"/>
      <line num="14" count="2" type="stmt"/>
      <line num="15" count="2" type="stmt"/>
      <line num="18" count="18" type="stmt"/>
      <line num="23" count="2" type="stmt"/>
      <line num="24" count="2" type="stmt"/>
      <line num="33" count="2" type="stmt"/>
      <line num="36" count="1" type="cond" truecount="1" falsecount="1"/>
    </file>
    <file name="ShareModal.tsx" path="/tmp/workspace/haarcuba/monim/src/ShareModal.tsx">
      <metrics statements="9" coveredstatements="9" conditionals="0" coveredconditionals="0" methods="7" coveredmethods="7"/>
      <line num="11" count="7" type="stmt"/>
      <line num="14" count="1" type="stmt"/>
      <line num="15" count="1" type="stmt"/>
      <line num="18" count="7" type="stmt"/>
      <line num="30" count="7" type="stmt"/>
      <line num="36" count="1" type="stmt"/>
      <line num="47" count="7" type="stmt"/>
      <line num="50" count="4" type="stmt"/>
      <line num="52" count="1" type="stmt"/>
    </file>
  </project>
</coverage>
