{"/tmp/workspace/haarcuba/monim/src/Counter.tsx": {"path":"/tmp/workspace/haarcuba/monim/src/Counter.tsx","statementMap":{"0":{"start":{"line":33,"column":10},"end":{"line":35,"column":null}},"1":{"start":{"line":34,"column":56},"end":{"line":34,"column":86}},"2":{"start":{"line":38,"column":4},"end":{"line":52,"column":null}},"3":{"start":{"line":42,"column":39},"end":{"line":42,"column":null}},"4":{"start":{"line":57,"column":4},"end":{"line":60,"column":null}},"5":{"start":{"line":59,"column":35},"end":{"line":59,"column":71}},"6":{"start":{"line":65,"column":4},"end":{"line":72,"column":null}},"7":{"start":{"line":67,"column":35},"end":{"line":67,"column":71}},"8":{"start":{"line":68,"column":37},"end":{"line":68,"column":65}}},"fnMap":{"0":{"name":"Counter","decl":{"start":{"line":23,"column":16},"end":{"line":23,"column":24}},"loc":{"start":{"line":32,"column":10},"end":{"line":52,"column":null}},"line":32},"1":{"name":"(anonymous_1)","decl":{"start":{"line":33,"column":30},"end":{"line":33,"column":null}},"loc":{"start":{"line":34,"column":56},"end":{"line":34,"column":86}},"line":34},"2":{"name":"(anonymous_2)","decl":{"start":{"line":42,"column":16},"end":{"line":42,"column":27}},"loc":{"start":{"line":42,"column":39},"end":{"line":42,"column":null}},"line":42},"3":{"name":"_OwnerControls1","decl":{"start":{"line":56,"column":9},"end":{"line":56,"column":25}},"loc":{"start":{"line":56,"column":73},"end":{"line":60,"column":null}},"line":56},"4":{"name":"(anonymous_4)","decl":{"start":{"line":59,"column":20},"end":{"line":59,"column":35}},"loc":{"start":{"line":59,"column":35},"end":{"line":59,"column":71}},"line":59},"5":{"name":"_OwnerControls2","decl":{"start":{"line":64,"column":9},"end":{"line":64,"column":25}},"loc":{"start":{"line":64,"column":95},"end":{"line":72,"column":null}},"line":64},"6":{"name":"(anonymous_6)","decl":{"start":{"line":67,"column":20},"end":{"line":67,"column":35}},"loc":{"start":{"line":67,"column":35},"end":{"line":67,"column":71}},"line":67},"7":{"name":"(anonymous_7)","decl":{"start":{"line":68,"column":23},"end":{"line":68,"column":31}},"loc":{"start":{"line":68,"column":37},"end":{"line":68,"column":65}},"line":68}},"branchMap":{"0":{"loc":{"start":{"line":27,"column":4},"end":{"line":27,"column":null}},"type":"default-arg","locations":[{"start":{"line":27,"column":14},"end":{"line":27,"column":null}}],"line":27},"1":{"loc":{"start":{"line":31,"column":4},"end":{"line":31,"column":null}},"type":"default-arg","locations":[{"start":{"line":31,"column":17},"end":{"line":31,"column":null}}],"line":31},"2":{"loc":{"start":{"line":44,"column":13},"end":{"line":50,"column":null}},"type":"binary-expr","locations":[{"start":{"line":44,"column":13},"end":{"line":44,"column":null}},{"start":{"line":45,"column":16},"end":{"line":50,"column":null}}],"line":44},"3":{"loc":{"start":{"line":46,"column":21},"end":{"line":46,"column":68}},"type":"binary-expr","locations":[{"start":{"line":46,"column":21},"end":{"line":46,"column":32}},{"start":{"line":46,"column":32},"end":{"line":46,"column":68}}],"line":46},"4":{"loc":{"start":{"line":48,"column":21},"end":{"line":48,"column":77}},"type":"binary-expr","locations":[{"start":{"line":48,"column":21},"end":{"line":48,"column":32}},{"start":{"line":48,"column":32},"end":{"line":48,"column":77}}],"line":48},"5":{"loc":{"start":{"line":49,"column":21},"end":{"line":49,"column":null}},"type":"binary-expr","locations":[{"start":{"line":49,"column":21},"end":{"line":49,"column":33}},{"start":{"line":49,"column":33},"end":{"line":49,"column":null}}],"line":49}},"s":{"0":18,"1":5,"2":18,"3":6,"4":14,"5":1,"6":14,"7":1,"8":2},"f":{"0":18,"1":5,"2":6,"3":14,"4":1,"5":14,"6":1,"7":2},"b":{"0":[18],"1":[18],"2":[18,16],"3":[16,14],"4":[16,14],"5":[16,2]},"meta":{"lastBranch":6,"lastFunction":8,"lastStatement":9,"seen":{"f:23:16:23:24":0,"b:27:14:27:Infinity":0,"b:31:17:31:Infinity":1,"s:33:10:35:Infinity":0,"f:33:30:33:Infinity":1,"s:34:56:34:86":1,"s:38:4:52:Infinity":2,"f:42:16:42:27":2,"s:42:39:42:Infinity":3,"b:44:13:44:Infinity:45:16:50:Infinity":2,"b:46:21:46:32:46:32:46:68":3,"b:48:21:48:32:48:32:48:77":4,"b:49:21:49:33:49:33:49:Infinity":5,"f:56:9:56:25":3,"s:57:4:60:Infinity":4,"f:59:20:59:35":4,"s:59:35:59:71":5,"f:64:9:64:25":5,"s:65:4:72:Infinity":6,"f:67:20:67:35":6,"s:67:35:67:71":7,"f:68:23:68:31":7,"s:68:37:68:65":8}}}
,"/tmp/workspace/haarcuba/monim/src/EditableName.tsx": {"path":"/tmp/workspace/haarcuba/monim/src/EditableName.tsx","statementMap":{"0":{"start":{"line":9,"column":40},"end":{"line":9,"column":60}},"1":{"start":{"line":10,"column":18},"end":{"line":10,"column":null}},"2":{"start":{"line":11,"column":34},"end":{"line":11,"column":56}},"3":{"start":{"line":14,"column":8},"end":{"line":14,"column":null}},"4":{"start":{"line":15,"column":8},"end":{"line":15,"column":null}},"5":{"start":{"line":18,"column":4},"end":{"line":31,"column":null}},"6":{"start":{"line":20,"column":45},"end":{"line":20,"column":61}},"7":{"start":{"line":25,"column":33},"end":{"line":25,"column":62}},"8":{"start":{"line":28,"column":20},"end":{"line":28,"column":null}},"9":{"start":{"line":28,"column":43},"end":{"line":28,"column":null}}},"fnMap":{"0":{"name":"EditableName","decl":{"start":{"line":8,"column":16},"end":{"line":8,"column":29}},"loc":{"start":{"line":8,"column":56},"end":{"line":31,"column":null}},"line":8},"1":{"name":"commit","decl":{"start":{"line":13,"column":13},"end":{"line":13,"column":22}},"loc":{"start":{"line":13,"column":22},"end":{"line":15,"column":null}},"line":13},"2":{"name":"(anonymous_2)","decl":{"start":{"line":20,"column":30},"end":{"line":20,"column":45}},"loc":{"start":{"line":20,"column":45},"end":{"line":20,"column":61}},"line":20},"3":{"name":"(anonymous_3)","decl":{"start":{"line":25,"column":16},"end":{"line":25,"column":27}},"loc":{"start":{"line":25,"column":33},"end":{"line":25,"column":62}},"line":25},"4":{"name":"(anonymous_4)","decl":{"start":{"line":27,"column":16},"end":{"line":27,"column":28}},"loc":{"start":{"line":27,"column":34},"end":{"line":28,"column":null}},"line":27}},"branchMap":{"0":{"loc":{"start":{"line":20,"column":13},"end":{"line":21,"column":13}},"type":"binary-expr","locations":[{"start":{"line":20,"column":13},"end":{"line":20,"column":25}},{"start":{"line":20,"column":25},"end":{"line":21,"column":13}}],"line":20},"1":{"loc":{"start":{"line":23,"column":34},"end":{"line":23,"column":64}},"type":"cond-expr","locations":[{"start":{"line":23,"column":44},"end":{"line":23,"column":56}},{"start":{"line":23,"column":56},"end":{"line":23,"column":64}}],"line":23},"2":{"loc":{"start":{"line":28,"column":20},"end":{"line":28,"column":null}},"type":"if","locations":[{"start":{"line":28,"column":20},"end":{"line":28,"column":null}},{"start":{},"end":{}}],"line":28}},"s":{"0":33,"1":33,"2":33,"3":6,"4":6,"5":33,"6":3,"7":6,"8":3,"9":3},"f":{"0":33,"1":6,"2":3,"3":6,"4":3},"b":{"0":[33,23],"1":[10,23],"2":[3,0]},"meta":{"lastBranch":3,"lastFunction":5,"lastStatement":10,"seen":{"f:8:16:8:29":0,"s:9:40:9:60":0,"s:10:18:10:Infinity":1,"s:11:34:11:56":2,"f:13:13:13:22":1,"s:14:8:14:Infinity":3,"s:15:8:15:Infinity":4,"s:18:4:31:Infinity":5,"b:20:13:20:25:20:25:21:13":0,"f:20:30:20:45":2,"s:20:45:20:61":6,"b:23:44:23:56:23:56:23:64":1,"f:25:16:25:27":3,"s:25:33:25:62":7,"f:27:16:27:28":4,"b:28:20:28:Infinity:undefined:undefined:undefined:undefined":2,"s:28:20:28:Infinity":8,"s:28:43:28:Infinity":9}}}
,"/tmp/workspace/haarcuba/monim/src/SetButton.tsx": {"path":"/tmp/workspace/haarcuba/monim/src/SetButton.tsx","statementMap":{"0":{"start":{"line":10,"column":32},"end":{"line":10,"column":53}},"1":{"start":{"line":11,"column":30},"end":{"line":11,"column":48}},"2":{"start":{"line":14,"column":8},"end":{"line":14,"column":null}},"3":{"start":{"line":15,"column":8},"end":{"line":15,"column":null}},"4":{"start":{"line":18,"column":4},"end":{"line":40,"column":null}},"5":{"start":{"line":23,"column":20},"end":{"line":23,"column":null}},"6":{"start":{"line":24,"column":20},"end":{"line":24,"column":null}},"7":{"start":{"line":33,"column":37},"end":{"line":33,"column":61}},"8":{"start":{"line":36,"column":24},"end":{"line":36,"column":null}},"9":{"start":{"line":36,"column":47},"end":{"line":36,"column":null}}},"fnMap":{"0":{"name":"SetButton","decl":{"start":{"line":9,"column":16},"end":{"line":9,"column":29}},"loc":{"start":{"line":9,"column":64},"end":{"line":40,"column":null}},"line":9},"1":{"name":"commit","decl":{"start":{"line":13,"column":13},"end":{"line":13,"column":22}},"loc":{"start":{"line":13,"column":22},"end":{"line":15,"column":null}},"line":13},"2":{"name":"(anonymous_2)","decl":{"start":{"line":22,"column":16},"end":{"line":22,"column":31}},"loc":{"start":{"line":22,"column":31},"end":{"line":24,"column":null}},"line":22},"3":{"name":"(anonymous_3)","decl":{"start":{"line":33,"column":20},"end":{"line":33,"column":31}},"loc":{"start":{"line":33,"column":37},"end":{"line":33,"column":61}},"line":33},"4":{"name":"(anonymous_4)","decl":{"start":{"line":35,"column":20},"end":{"line":35,"column":32}},"loc":{"start":{"line":35,"column":38},"end":{"line":36,"column":null}},"line":35}},"branchMap":{"0":{"loc":{"start":{"line":29,"column":13},"end":{"line":40,"column":null}},"type":"binary-expr","locations":[{"start":{"line":29,"column":13},"end":{"line":29,"column":null}},{"start":{"line":30,"column":16},"end":{"line":40,"column":null}}],"line":29},"1":{"loc":{"start":{"line":36,"column":24},"end":{"line":36,"column":null}},"type":"if","locations":[{"start":{"line":36,"column":24},"end":{"line":36,"column":null}},{"start":{},"end":{}}],"line":36}},"s":{"0":18,"1":18,"2":2,"3":2,"4":18,"5":2,"6":2,"7":2,"8":1,"9":1},"f":{"0":18,"1":2,"2":2,"3":2,"4":1},"b":{"0":[18,4],"1":[1,0]},"meta":{"lastBranch":2,"lastFunction":5,"lastStatement":10,"seen":{"f:9:16:9:29":0,"s:10:32:10:53":0,"s:11:30:11:48":1,"f:13:13:13:22":1,"s:14:8:14:Infinity":2,"s:15:8:15:Infinity":3,"s:18:4:40:Infinity":4,"f:22:16:22:31":2,"s:23:20:23:Infinity":5,"s:24:20:24:Infinity":6,"b:29:13:29:Infinity:30:16:40:Infinity":0,"f:33:20:33:31":3,"s:33:37:33:61":7,"f:35:20:35:32":4,"b:36:24:36:Infinity:undefined:undefined:undefined:undefined":1,"s:36:24:36:Infinity":8,"s:36:47:36:Infinity":9}}}
,"/tmp/workspace/haarcuba/monim/src/ShareModal.tsx": {"path":"/tmp/workspace/haarcuba/monim/src/ShareModal.tsx","statementMap":{"0":{"start":{"line":11,"column":18},"end":{"line":11,"column":42}},"1":{"start":{"line":14,"column":8},"end":{"line":14,"column":null}},"2":{"start":{"line":15,"column":8},"end":{"line":15,"column":null}},"3":{"start":{"line":18,"column":4},"end":{"line":25,"column":null}},"4":{"start":{"line":30,"column":4},"end":{"line":42,"column":null}},"5":{"start":{"line":36,"column":33},"end":{"line":36,"column":57}},"6":{"start":{"line":47,"column":4},"end":{"line":55,"column":null}},"7":{"start":{"line":50,"column":16},"end":{"line":53,"column":null}},"8":{"start":{"line":52,"column":43},"end":{"line":52,"column":60}}},"fnMap":{"0":{"name":"ShareModal","decl":{"start":{"line":10,"column":16},"end":{"line":10,"column":27}},"loc":{"start":{"line":10,"column":79},"end":{"line":25,"column":null}},"line":10},"1":{"name":"handleShare","decl":{"start":{"line":13,"column":13},"end":{"line":13,"column":27}},"loc":{"start":{"line":13,"column":27},"end":{"line":15,"column":null}},"line":13},"2":{"name":"_Share","decl":{"start":{"line":29,"column":9},"end":{"line":29,"column":16}},"loc":{"start":{"line":29,"column":83},"end":{"line":42,"column":null}},"line":29},"3":{"name":"(anonymous_3)","decl":{"start":{"line":36,"column":16},"end":{"line":36,"column":27}},"loc":{"start":{"line":36,"column":33},"end":{"line":36,"column":57}},"line":36},"4":{"name":"_Unshare","decl":{"start":{"line":46,"column":9},"end":{"line":46,"column":18}},"loc":{"start":{"line":46,"column":76},"end":{"line":55,"column":null}},"line":46},"5":{"name":"(anonymous_5)","decl":{"start":{"line":49,"column":24},"end":{"line":49,"column":29}},"loc":{"start":{"line":50,"column":16},"end":{"line":53,"column":null}},"line":50},"6":{"name":"(anonymous_6)","decl":{"start":{"line":52,"column":28},"end":{"line":52,"column":43}},"loc":{"start":{"line":52,"column":43},"end":{"line":52,"column":60}},"line":52}},"branchMap":{},"s":{"0":7,"1":1,"2":1,"3":7,"4":7,"5":1,"6":7,"7":4,"8":1},"f":{"0":7,"1":1,"2":7,"3":1,"4":7,"5":4,"6":1},"b":{},"meta":{"lastBranch":0,"lastFunction":7,"lastStatement":9,"seen":{"f:10:16:10:27":0,"s:11:18:11:42":0,"f:13:13:13:27":1,"s:14:8:14:Infinity":1,"s:15:8:15:Infinity":2,"s:18:4:25:Infinity":3,"f:29:9:29:16":2,"s:30:4:42:Infinity":4,"f:36:16:36:27":3,"s:36:33:36:57":5,"f:46:9:46:18":4,"s:47:4:55:Infinity":6,"f:49:24:49:29":5,"s:50:16:53:Infinity":7,"f:52:28:52:43":6,"s:52:43:52:60":8}}}
}
